<?xml version="1.0" encoding="UTF-8"?>
<!DOCTYPE section PUBLIC "-//OASIS//DTD DocBook XML V4.4//EN" "http://www.oasis-open.org/docbook/xml/4.4/docbookx.dtd">
<section id="test-data">
  <title>Test Data</title>
  <para>
    Now we can go and create some users and contacts. For this we must create an EntityManagerFactory,
    an EntityManager, start a Transaction and persist the users. As recommended,
    we use one EntityManagerFactory per application. So we create it directly within the main:
  </para>
  <programlisting>
  public static void main(String[] args) {
    EntityManagerFactory entityManagerFactory = Persistence.createEntityManagerFactory("contacts");
  }
  </programlisting>
  <para>
    We use a separate method to create the users:
  </para>
  <programlisting>
  public static void createUsers(EntityManagerFactory entityManagerFactory) {
    EntityManager entityManager;

    entityManager = entityManagerFactory.createEntityManager();
    entityManager.getTransaction().begin();
    entityManager.persist(new User("John"));
    entityManager.persist(new User("Mary"));
    entityManager.getTransaction().commit();
    entityManager.close();
  }
  </programlisting>
  <para>
    Ok, let's retrieve the users from the database to see whether they were really persisted:
  </para>
  <programlisting>
  public static void displayUserCount(EntityManagerFactory entityManagerFactory) {
    EntityManager entityManager;
    
    entityManager = entityManagerFactory.createEntityManager();
    entityManager.getTransaction().begin();
    List&lt;User&gt; users = entityManager.createQuery("SELECT user FROM User user").getResultList();
    System.out.println("users.size = " + users.size());
    entityManager.getTransaction().commit();
    entityManager.close();
  }
  </programlisting>
  <para>
    Let's call our methods from the main and see the output:
  </para>
  <programlisting>
  public static void main(String[] args) {
    EntityManagerFactory entityManagerFactory = Persistence.createEntityManagerFactory("contacts");
    createUsers(entityManagerFactory);
    displayUserCount(entityManagerFactory);
  }
  </programlisting>
  <para>
    As we can see from the output, there are really two users in the database.
    But are this really John and Mary? Let's see:
  </para>
  <programlisting>
entityManager = entityManagerFactory.createEntityManager();
entityManager.getTransaction().begin();
User john = (User)entityManager.createQuery("SELECT user FROM User user WHERE user.name = 'John'").getSingleResult();
User mary = (User)entityManager.createQuery("SELECT user FROM User user WHERE user.name = 'Mary'").getSingleResult();
entityManager.getTransaction().commit();
entityManager.close();
  </programlisting>
  <para>
    If the users would not have been found, the calls to getSingleResult() would have thrown a NoResultException.
    So we can be sure our users are there. Now let's create some contact data for them:
  </para>
  <programlisting>
  public static void createContacts(EntityManagerFactory entityManagerFactory) {
    EntityManager entityManager;

    entityManager = entityManagerFactory.createEntityManager();
    entityManager.getTransaction().begin();
    User john = (User)entityManager.createQuery("SELECT user FROM User user WHERE user.name = 'John'").getSingleResult();
    User mary = (User)entityManager.createQuery("SELECT user FROM User user WHERE user.name = 'Mary'").getSingleResult();
    entityManager.persist(new Contact(john, "john@jpasecurity.sf.net"));
    entityManager.persist(new Contact(john, "0 12 34 - 56 789"));
    entityManager.persist(new Contact(mary, "mary@jpasecurity.sf.net"));
    entityManager.persist(new Contact(mary, "12 34 56 78 90"));
    entityManager.getTransaction().commit();
    entityManager.close();
  }
  </programlisting>
  <para>
    Let's see if all four contacts are there:
  </para>
  <programlisting>
  public static void displayContactCount(EntityManagerFactory entityManagerFactory) {
    EntityManager entityManager;

    entityManager = entityManagerFactory.createEntityManager();
    entityManager.getTransaction().begin();
    List&lt;Contact&gt; contacts = entityManager.createQuery("SELECT contact FROM Contact contact").getResultList();
    System.out.println("contacts.size = " + contacts.size());
    entityManager.getTransaction().commit();
    entityManager.close();
  }
  </programlisting>
  <para>
    Again let's add the method to our main and see the output:
  </para>
  <programlisting>
  public static void main(String[] args) {
    EntityManagerFactory entityManagerFactory = Persistence.createEntityManagerFactory("contacts");
    createUsers(entityManagerFactory);
    displayUserCount(entityManagerFactory);
    createContacts(entityManagerFactory);
    displayContactCount(entityManagerFactory);
  }
  </programlisting>
  <para>
    As we can see from the output: All contacts are persisted. Now it's time for some security.
  </para>
</section>
