<?xml version="1.0" encoding="UTF-8"?>
<beans xmlns="http://www.springframework.org/schema/beans"
       xmlns:xsi="http://www.w3.org/2001/XMLSchema-instance"
       xmlns:aop="http://www.springframework.org/schema/aop"
	   xmlns:tx="http://www.springframework.org/schema/tx"
       xsi:schemaLocation="http://www.springframework.org/schema/beans http://www.springframework.org/schema/beans/spring-beans-2.5.xsd
                           http://www.springframework.org/schema/aop http://www.springframework.org/schema/aop/spring-aop-2.5.xsd
                           http://www.springframework.org/schema/tx http://www.springframework.org/schema/tx/spring-tx-2.5.xsd">
	
    <bean id="contactsDao" class="net.sf.jpasecurity.contacts.spring.DefaultContactsDao"/>

    <bean id="authenticationManager" class="org.springframework.security.authentication.ProviderManager">
        <property name="providers">
            <list>
                <ref bean="daoAuthenticationProvider"/>
            </list>
        </property>
    </bean>

    <bean id="daoAuthenticationProvider" class="org.springframework.security.authentication.dao.DaoAuthenticationProvider">
        <property name="forcePrincipalAsString" value="true"/>
        <property name="userDetailsService" ref="userDetailsService"/>
    </bean>

    <bean id="userDetailsService" class="org.springframework.security.core.userdetails.memory.InMemoryDaoImpl">
        <property name="userMap">
            <value>
                admin=,ROLE_ADMIN
                John=,ROLE_USER
                Mary=,ROLE_USER
            </value>
        </property>
    </bean>

    <bean class="org.springframework.orm.jpa.support.PersistenceAnnotationBeanPostProcessor"/>

    <bean id="entityManagerFactory" class="net.sf.jpasecurity.persistence.SecureLocalEntityManagerFactoryBean">
    	<property name="persistenceUnitName" value="spring-contacts"/>
    	<property name="authenticationProvider">
    	    <bean class="net.sf.jpasecurity.security.authentication.SpringAuthenticationProvider"/>
    	</property>
    	<property name="accessRulesProvider">
    	    <bean class="net.sf.jpasecurity.security.rules.XmlAccessRulesProvider"/>
    	</property>
    </bean>

    <bean id="transactionManager" class="org.springframework.orm.jpa.JpaTransactionManager">
        <property name="entityManagerFactory" ref="entityManagerFactory"/>
    </bean>

    <aop:config>
        <aop:pointcut id="daoMethods" expression="execution(* net.sf.jpasecurity.contacts.spring.DefaultContactsDao.*(..))"/>
        <aop:advisor advice-ref="transactionAdvice" pointcut-ref="daoMethods"/>
    </aop:config>

    <tx:advice id="transactionAdvice" transaction-manager="transactionManager">
        <tx:attributes>
            <tx:method name="*" propagation="SUPPORTS" read-only="true"/>
        </tx:attributes>
    </tx:advice>
</beans>